<?xml version="1.0" encoding="UTF-8"?>
<testng-results ignored="0" total="3" passed="3" failed="0" skipped="0">
  <reporter-output>
  </reporter-output>
  <suite started-at="2022-07-02T12:14:48 IST" name="Default suite" finished-at="2022-07-02T12:14:49 IST" duration-ms="48">
    <groups>
    </groups>
    <test started-at="2022-07-02T12:14:48 IST" name="Default test" finished-at="2022-07-02T12:14:49 IST" duration-ms="48">
      <class name="mypack.Abc">
        <test-method signature="f2()[pri:1, instance:mypack.Abc@12e61fe6]" started-at="2022-07-02T12:14:49 IST" name="f2" finished-at="2022-07-02T12:14:49 IST" duration-ms="8" status="PASS">
          <reporter-output>
          </reporter-output>
        </test-method> <!-- f2 -->
        <test-method signature="f()[pri:2, instance:mypack.Abc@12e61fe6]" started-at="2022-07-02T12:14:49 IST" name="f" finished-at="2022-07-02T12:14:49 IST" duration-ms="1" status="PASS">
          <reporter-output>
          </reporter-output>
        </test-method> <!-- f -->
        <test-method signature="f1()[pri:3, instance:mypack.Abc@12e61fe6]" started-at="2022-07-02T12:14:49 IST" name="f1" finished-at="2022-07-02T12:14:49 IST" duration-ms="1" status="PASS">
          <reporter-output>
          </reporter-output>
        </test-method> <!-- f1 -->
      </class> <!-- mypack.Abc -->
    </test> <!-- Default test -->
  </suite> <!-- Default suite -->
</testng-results>
